1.0
153.9270797856938
0.0
4.0
1830.1687357351211
1390.3440408728125
813.9999999993709
3114.587739183994
25547.60787755975
264.00003210097054
1319.9929081491869
47642.35913701334
1839.4974630623644
4985.894184963256
1488.5914556280686
2781.2715869930516
1536.1594347888235
2467.482781617737
1873.3349589637946
1754.2844924781598
2435.8029780252673
2105.4565124408496
197.85938102237554
1526.6172551928125
1730.0222116721657
2418.52948340098
148.26615759902927
966.5101739634848
1604.5750601142884
1422.8081023688878
251.27757462356567
618.1850982499298
705.4980455407657
1057.930803493713
267.05495579000524
1707.5867148708317
238.3440262660194
12102.926205561045
2694.4501711102753
644.4558821396199
9130.855583279003
665.3127486919146
1213.7552321197402
1324.6336460552313
1458.0040390164634
1592.7449660504838
2572.0001072114196
1514.0
1131.6220470312157
3442.1949124752987
3263.465329335782
465.3553013584465
449.8068440101211
500.7133185056443
47.99999999190122
2170.7754120524155
64969.394613587996
15568.080529314087
1356.2680802695206
1199.3286260920868
14729.504607408471
4191.610318158257
180.0
1776.7147860250625
1392.3832963055427
1211.307862415908
6127.23466742015
1565.2484430771437
11961.644821657948
4002.358743830783
2446.5471942247073
2290.7544309679706
4096.229506073992
54105.67320019769
380.74025212678873
599.1617449075427
4067.2783667732156
839.496333975277
8456.593246638853
5171.52830774866
978.0427099952881
5023.733115093031
903.6939563220863
1418.4296912037867
1612.1379330405734
1202.1041479501557
1551.9067877237455
762.0453114382939
588.2091061359205
1219.7879270878764
1510.288566025238
23749.571207009838
23.819633465285506
5914.768295433168
5429.404383295618
3122.07497196417
1291.6775483150227
11268.095349248923
3473.8716190885116
1334.3731483592996
1368.8702452461798
4396.190429476579
349.98365369454586
1404.3361502030311
15.999999999999982
10.0
13.999999999999991
14.0
9.999999999999986
9.999999999999995
10.0
10.0
12.0
16.0
9.999999999999984
12.0
9.999999999999982
16.0
12.0
10.0
10.0
14.0
9.99999999999999
12.0
9.999964282155377
13.999999999999998
15.999999999999988
10.0
14.0
9.999999999999998
10.0
9.999999999999998
12.0
9.999999999999996
16.0
9.999999999999998
11.999999999999998
9.999999999999995
10.0
13.999999999999996
12.0
14.0
10.0
9.99999999999999
9.999999999999998
13.999999999999998
9.999999999999996
15.999999999999993
15.999999990221788
10.0
14.0
9.999999999999996
12.0
10.0
13.999999939825578
9.999999999999993
10.0
15.999999999999995
10.0
10.0
12.0
11.999999999999996
15.999999999999964
16.0
10.0
10.0
11.999999999999885
9.999999999999991
9.999999999999968
12.0
10.0
11.999999999999991
11.999999999999996
15.999999999948132
16.0
16.0
12.0
13.999999999999886
12.0
11.999999999999996
10.0
10.0
11.190790766938521
10.0
13.999999999999991
10.0
12.0
13.999999999999993
11.999999999999977
12.0
10.0
10.0
11.999999999999975
13.999999999999988
14.0
15.999999999999996
13.99999999999991
14.0
9.999999999999996
12.0
14.0
9.999999999999996
10.0
12.0
15.999999999999986
14.0
9.999962967584597
14.0
10.0
12.0
10.0
10.0
16.0
15.999999999999984
14.0
12.0
10.0
16.0
9.999999999999993
10.0
12.0
13.999999999999998
9.999999999999943
9.99999999999998
16.0
11.999999999999998
11.999999999999986
13.999999999999986
10.0
9.999999999999996
9.999999999999991
10.0
12.0
14.0
12.0
9.999999999999996
10.0
10.0
16.0
16.0
14.0
12.0
14.0
11.999999999999943
10.0
11.99999999999999
14.0
12.0
12.0
9.999999999999986
12.0
12.0
12.0
10.0
16.0
11.999999999999991
12.0
16.0
10.0
13.999999999999996
11.99999999999999
13.999999999999996
14.0
9.999999999999998
9.999999999999986
12.0
9.999999999999995
14.0
11.999999999999723
10.0
12.0
16.0
11.999999999999925
15.999999999999986
13.999999999999993
9.999999999999464
16.0
10.0
16.0
9.999999999999998
11.999999938996908
10.0
13.999999999999991
12.0
9.999999999999979
13.999999999999996
9.999999999999979
9.999999999999988
15.99999999999999
14.0
12.0
10.0
15.999999999544881
12.0
9.99999999999999
10.0
11.999999999999993
9.99999999999999
12.0
10.0
14.0
10.0
14.0
12.0
10.0
11.96324793801513
10.09155732028941
14.0
11.999999999999694
15.999999999999988
13.99999999999999
15.999999999999998
9.99999999999987
10.0
10.0
16.0
10.0
11.999999999999908
9.999999999999991
14.0
10.0
10.0
16.0
10.0
9.999999999999972
15.999999999999984
9.999999999999995
12.0
16.0
12.0
14.0
10.0
12.0
12.0
9.999999999982482
14.0
10.0
11.996770119173743
10.0
15.999999999999927
14.0
10.0
9.999999999999996
11.99999999999999
10.0
15.999905833813964
12.0
11.999999999999996
15.999999999999986
13.999999999999979
9.999999999999996
15.999999999999982
9.99999999999999
6.0
5.999999999999998
5.999999999999995
6.0
8.0
6.0
6.0
8.0
6.0
7.999999999999999
6.0
8.0
8.0
6.0
5.999999999999998
6.0
5.999999999999998
6.0
7.9999999999999964
6.0
7.999999999999999
7.999999999999999
6.0
8.0
6.0
6.0
6.0
7.999999999999995
5.999999999999999
7.999999999999999
7.9999999999999964
6.0
6.0
7.999999999999997
8.0
6.0
5.999999999999998
5.999999999999998
5.999999999999994
6.0
5.999999999999999
6.0
6.0
5.999999999999989
5.999999999999989
5.999999999999993
6.0
5.999999999999998
6.0
5.999999999999998
6.0
6.0
6.0
5.999999999999998
5.999999999999999
7.999999999999998
8.0
6.0
5.999999999999948
8.0
5.99999999999999
6.0
6.0
8.0
6.0
6.0
6.0
6.0
5.999999999999998
7.999999999999993
6.0
8.0
6.0
6.0
7.9999999999999805
6.0
5.999999999999998
6.0
7.999999999999999
6.0
8.0
5.9999999999999964
8.0
6.0
7.999999999999999
5.999999999999998
6.0
8.0
6.0
5.999999999999996
5.999999999999997
6.0
6.0
5.999999999999925
5.999999999999998
8.0
5.999969223030624
7.999999999999999
5.999999999999998
8.0
5.999999999999997
6.0
6.0
7.999999999999959
6.0
6.0
6.0
6.0
6.0
6.0
8.0
6.0
6.0
8.0
5.999999999999996
6.0
7.9957395087161265
5.999999999999976
5.999999999999998
7.999999999999999
5.999999999999999
5.999999999999997
6.0
5.999999999999998
5.999999999999998
8.0
5.999999999999998
6.0
5.999999999999991
6.0
7.999999999998403
7.999999999999999
6.0
6.0
6.6709610676737325
8.0
5.999999999999999
6.0
6.0
6.0
5.999999999999997
5.999999999999993
5.999999999999998
6.0
6.0
6.0
8.0
5.9999999999999964
6.0
5.999999999999999
3.9999999999999996
3.9999999999999996
3.9999999999999996
3.9999999999999996
4.0
3.999999999999998
4.0
3.999999999999999
3.999999999999999
4.0
3.9999999999999987
3.999999999999999
3.9999999999999996
4.0
3.9999999999999996
4.0
4.0
3.9999999999999982
4.0
3.9999999999999996
4.0
4.0
4.0
4.0
4.0
4.0
4.0
3.9999999999999982
4.0
3.9999999999999996
4.0
4.0
3.9999999999999996
3.9999999999999996
4.0
4.0
4.0
4.0
3.9999999999999982
4.0
3.9999999999999996
3.9999999999999996
4.0
4.0
4.0
3.9999999999999987
3.999999999999998
3.999999999999999
3.9999999999999996
3.9999999999999996
3.999999999999999
3.9999999999999996
4.0
3.9999999999999996
4.0
4.0
3.999999999999998
4.0
4.0
4.0
3.9999999999999982
4.0
3.9999999999999996
4.0
3.2914850209596986
4.0
3.9999999999999996
4.0
4.0
4.0
3.9999999999999996
3.999999999999999
4.0
4.0
4.0
3.9999999999999996
4.0
3.9999999999999996
4.0
4.0
4.0
3.9999999999999996
4.0
4.0
3.999999999999985
4.0
3.9999999999999996
3.999999999999999
4.0
4.0
4.0
4.0
4.0
3.9999999999999996
4.0
4.0
4.0
4.0
3.9999999999999982
4.0
